Start Time: Thu Feb 29 14:10:48 +07 2024
/home/syaonka/linux_monitoring_2/src/test/vvvf_290224 - 29 Feb 2024 14:10:52
/home/syaonka/linux_monitoring_2/src/test/vvvf_290224/vvvf.vvf_290224 - 29 Feb 2024 14:10:52 - 3kb
/home/syaonka/linux_monitoring_2/src/test/vvvf_290224/vvvvf.vvf_290224 - 29 Feb 2024 14:10:52 - 3kb
/home/syaonka/linux_monitoring_2/src/test/vvvf_290224/vvvvvf.vvf_290224 - 29 Feb 2024 14:10:52 - 3kb
/home/syaonka/linux_monitoring_2/src/test/vvvf_290224/vvvvvvf.vvf_290224 - 29 Feb 2024 14:10:52 - 3kb
/home/syaonka/linux_monitoring_2/src/test/vvvvf_290224 - 29 Feb 2024 14:10:52
/home/syaonka/linux_monitoring_2/src/test/vvvvf_290224/vvvf.vvf_290224 - 29 Feb 2024 14:10:52 - 3kb
/home/syaonka/linux_monitoring_2/src/test/vvvvf_290224/vvvvf.vvf_290224 - 29 Feb 2024 14:10:52 - 3kb
/home/syaonka/linux_monitoring_2/src/test/vvvvf_290224/vvvvvf.vvf_290224 - 29 Feb 2024 14:10:52 - 3kb
/home/syaonka/linux_monitoring_2/src/test/vvvvf_290224/vvvvvvf.vvf_290224 - 29 Feb 2024 14:10:52 - 3kb
/home/syaonka/linux_monitoring_2/src/test/vvvvvf_290224 - 29 Feb 2024 14:10:52
/home/syaonka/linux_monitoring_2/src/test/vvvvvf_290224/vvvf.vvf_290224 - 29 Feb 2024 14:10:52 - 3kb
/home/syaonka/linux_monitoring_2/src/test/vvvvvf_290224/vvvvf.vvf_290224 - 29 Feb 2024 14:10:52 - 3kb
/home/syaonka/linux_monitoring_2/src/test/vvvvvf_290224/vvvvvf.vvf_290224 - 29 Feb 2024 14:10:52 - 3kb
/home/syaonka/linux_monitoring_2/src/test/vvvvvf_290224/vvvvvvf.vvf_290224 - 29 Feb 2024 14:10:52 - 3kb
/home/syaonka/linux_monitoring_2/src/test/vvvvvvf_290224 - 29 Feb 2024 14:10:52
/home/syaonka/linux_monitoring_2/src/test/vvvvvvf_290224/vvvf.vvf_290224 - 29 Feb 2024 14:10:52 - 3kb
/home/syaonka/linux_monitoring_2/src/test/vvvvvvf_290224/vvvvf.vvf_290224 - 29 Feb 2024 14:10:52 - 3kb
/home/syaonka/linux_monitoring_2/src/test/vvvvvvf_290224/vvvvvf.vvf_290224 - 29 Feb 2024 14:10:52 - 3kb
/home/syaonka/linux_monitoring_2/src/test/vvvvvvf_290224/vvvvvvf.vvf_290224 - 29 Feb 2024 14:10:52 - 3kb
End Time: Thu Feb 29 14:10:52 +07 2024
