Start Time: Fri Mar  1 16:22:50 +07 2024
/etc/cron.hourly/aaaaa_010324 - 01 Mar 2024 16:22:50
/etc/cron.hourly/aaaaa_010324/aaaaa.aaa_010324 - 01 Mar 2024 16:22:50 - 1Mb
/etc/cron.hourly/aaaaa_010324/aaaaaa.aaa_010324 - 01 Mar 2024 16:22:50 - 1Mb
/etc/cron.hourly/aaaaa_010324/aaaaaaa.aaa_010324 - 01 Mar 2024 16:22:50 - 1Mb
/etc/cron.hourly/aaaaa_010324/aaaaaaaa.aaa_010324 - 01 Mar 2024 16:22:50 - 1Mb
/etc/cron.hourly/aaaaa_010324/aaaaaaaaa.aaa_010324 - 01 Mar 2024 16:22:50 - 1Mb
/etc/cron.hourly/aaaaaa_010324 - 01 Mar 2024 16:22:50
/etc/cron.hourly/aaaaaa_010324/aaaaa.aaa_010324 - 01 Mar 2024 16:22:50 - 1Mb
/etc/cron.hourly/aaaaaa_010324/aaaaaa.aaa_010324 - 01 Mar 2024 16:22:50 - 1Mb
/etc/cron.hourly/aaaaaa_010324/aaaaaaa.aaa_010324 - 01 Mar 2024 16:22:50 - 1Mb
/etc/cron.hourly/aaaaaa_010324/aaaaaaaa.aaa_010324 - 01 Mar 2024 16:22:50 - 1Mb
/etc/cron.hourly/aaaaaa_010324/aaaaaaaaa.aaa_010324 - 01 Mar 2024 16:22:50 - 1Mb
/etc/cron.hourly/aaaaaa_010324/aaaaaaaaaa.aaa_010324 - 01 Mar 2024 16:22:50 - 1Mb
/etc/cron.hourly/aaaaaa_010324/aaaaaaaaaaa.aaa_010324 - 01 Mar 2024 16:22:50 - 1Mb
/etc/cron.hourly/aaaaaa_010324/aaaaaaaaaaaa.aaa_010324 - 01 Mar 2024 16:22:50 - 1Mb
/etc/cron.hourly/aaaaaa_010324/aaaaaaaaaaaaa.aaa_010324 - 01 Mar 2024 16:22:50 - 1Mb
/etc/cron.hourly/aaaaaa_010324/aaaaaaaaaaaaaa.aaa_010324 - 01 Mar 2024 16:22:50 - 1Mb
/etc/cron.hourly/aaaaaa_010324/aaaaaaaaaaaaaaa.aaa_010324 - 01 Mar 2024 16:22:50 - 1Mb
/etc/cron.hourly/aaaaaa_010324/aaaaaaaaaaaaaaaa.aaa_010324 - 01 Mar 2024 16:22:50 - 1Mb
/etc/cron.hourly/aaaaaa_010324/aaaaaaaaaaaaaaaaa.aaa_010324 - 01 Mar 2024 16:22:50 - 1Mb
/etc/cron.hourly/aaaaaa_010324/aaaaaaaaaaaaaaaaaa.aaa_010324 - 01 Mar 2024 16:22:50 - 1Mb
/etc/cron.hourly/aaaaaa_010324/aaaaaaaaaaaaaaaaaaa.aaa_010324 - 01 Mar 2024 16:22:50 - 1Mb
/etc/cron.hourly/aaaaaa_010324/aaaaaaaaaaaaaaaaaaaa.aaa_010324 - 01 Mar 2024 16:22:50 - 1Mb
/etc/cron.hourly/aaaaaa_010324/aaaaaaaaaaaaaaaaaaaaa.aaa_010324 - 01 Mar 2024 16:22:50 - 1Mb
/etc/cron.hourly/aaaaaa_010324/aaaaaaaaaaaaaaaaaaaaaa.aaa_010324 - 01 Mar 2024 16:22:50 - 1Mb
/etc/cron.hourly/aaaaaa_010324/aaaaaaaaaaaaaaaaaaaaaaa.aaa_010324 - 01 Mar 2024 16:22:50 - 1Mb
/etc/cron.hourly/aaaaaa_010324/aaaaaaaaaaaaaaaaaaaaaaaa.aaa_010324 - 01 Mar 2024 16:22:50 - 1Mb
/etc/cron.hourly/aaaaaa_010324/aaaaaaaaaaaaaaaaaaaaaaaaa.aaa_010324 - 01 Mar 2024 16:22:50 - 1Mb
/etc/cron.hourly/aaaaaa_010324/aaaaaaaaaaaaaaaaaaaaaaaaaa.aaa_010324 - 01 Mar 2024 16:22:50 - 1Mb
/etc/cron.hourly/aaaaaaa_010324 - 01 Mar 2024 16:22:50
/etc/cron.hourly/aaaaaaa_010324/aaaaa.aaa_010324 - 01 Mar 2024 16:22:50 - 1Mb
/etc/cron.hourly/aaaaaaa_010324/aaaaaa.aaa_010324 - 01 Mar 2024 16:22:50 - 1Mb
/etc/cron.hourly/aaaaaaa_010324/aaaaaaa.aaa_010324 - 01 Mar 2024 16:22:50 - 1Mb
/etc/cron.hourly/aaaaaaa_010324/aaaaaaaa.aaa_010324 - 01 Mar 2024 16:22:50 - 1Mb
